#
# There is insufficient memory for the Java Runtime Environment to continue.
# Native memory allocation (malloc) failed to allocate 162256 bytes for Chunk::new
# Possible reasons:
#   The system is out of physical RAM or swap space
#   The process is running with CompressedOops enabled, and the Java Heap may be blocking the growth of the native heap
# Possible solutions:
#   Reduce memory load on the system
#   Increase physical memory or swap space
#   Check if swap backing store is full
#   Decrease Java heap size (-Xmx/-Xms)
#   Decrease number of Java threads
#   Decrease Java thread stack sizes (-Xss)
#   Set larger code cache with -XX:ReservedCodeCacheSize=
#   JVM is running with Unscaled Compressed Oops mode in which the Java heap is
#     placed in the first 4GB address space. The Java Heap base address is the
#     maximum limit for the native heap growth. Please use -XX:HeapBaseMinAddress
#     to set the Java Heap base and to place the Java Heap above 4GB virtual address.
# This output file may be truncated or incomplete.
#
#  Out of Memory Error (arena.cpp:168), pid=6412, tid=11572
#
# JRE version: Java(TM) SE Runtime Environment (21.0.5+9) (build 21.0.5+9-LTS-239)
# Java VM: Java HotSpot(TM) 64-Bit Server VM (21.0.5+9-LTS-239, mixed mode, sharing, tiered, compressed oops, compressed class ptrs, g1 gc, windows-amd64)
# No core dump will be written. Minidumps are not enabled by default on client versions of Windows
#

---------------  S U M M A R Y ------------

Command Line: -Dclassworlds.conf=C:\Program Files\NetBeans-24\netbeans\java\maven\bin\m2.conf -Dmaven.home=C:\Program Files\NetBeans-24\netbeans\java\maven -Dlibrary.jansi.path=C:\Program Files\NetBeans-24\netbeans\java\maven\lib\jansi-native -Dmaven.multiModuleProjectDirectory=C:\Users\Lenovo\OneDrive\Documentos\ING.SISTEMAS\BLOQUE 3\PROGRAMACION CLIENTE SERVIDOR\SEMANA #9\ProyectoPrimerAvance org.codehaus.plexus.classworlds.launcher.Launcher -Dexec.vmArgs= -Dexec.args=${exec.vmArgs} -classpath %classpath ${exec.mainClass} ${exec.appArgs} -Dexec.appArgs= -Dexec.mainClass=com.mycompany.proyectomodificado.Login -Dexec.executable=C:\Program Files\Java\jdk-21\bin\java.exe -Dmaven.ext.class.path=C:\Program Files\NetBeans-24\netbeans\java\maven-nblib\netbeans-eventspy.jar --no-transfer-progress process-classes org.codehaus.mojo:exec-maven-plugin:3.1.0:exec

Host: 11th Gen Intel(R) Core(TM) i3-1115G4 @ 3.00GHz, 4 cores, 7G,  Windows 11 , 64 bit Build 22621 (10.0.22621.5415)
Time: Sat Jul 19 14:45:08 2025 Hora estándar, América Central elapsed time: 1.083453 seconds (0d 0h 0m 1s)

---------------  T H R E A D  ---------------

Current thread (0x00000257d2cf73a0):  JavaThread "C2 CompilerThread0" daemon [_thread_in_native, id=11572, stack(0x000000a42cf00000,0x000000a42d000000) (1024K)]


Current CompileTask:
C2:   1083 1119   !   4       sun.nio.cs.StreamDecoder::read (78 bytes)

Stack: [0x000000a42cf00000,0x000000a42d000000]
Native frames: (J=compiled Java code, j=interpreted, Vv=VM code, C=native code)
V  [jvm.dll+0x6ca289]
V  [jvm.dll+0x854a51]
V  [jvm.dll+0x856f7e]
V  [jvm.dll+0x857653]
V  [jvm.dll+0x27dd26]
V  [jvm.dll+0xc4c2d]
V  [jvm.dll+0xc5163]
V  [jvm.dll+0x13ebef]
V  [jvm.dll+0x65b445]
V  [jvm.dll+0x65995d]
V  [jvm.dll+0x246795]
V  [jvm.dll+0x245eef]
V  [jvm.dll+0x1c6d0e]
V  [jvm.dll+0x2554d9]
V  [jvm.dll+0x253a6a]
V  [jvm.dll+0x3ee136]
V  [jvm.dll+0x7fee9b]
V  [jvm.dll+0x6c896d]
C  [ucrtbase.dll+0x29333]
C  [KERNEL32.DLL+0x1259d]
C  [ntdll.dll+0x5af78]


---------------  P R O C E S S  ---------------

Threads class SMR info:
_java_thread_list=0x000002581846a340, length=11, elements={
0x00000257b49a4780, 0x00000257d2cec080, 0x00000257d2ced690, 0x00000257d2cf0350,
0x00000257d2cf2ea0, 0x00000257d2cf39e0, 0x00000257d2cf4520, 0x00000257d2cf73a0,
0x00000257d2cfb4d0, 0x00000258180ed6c0, 0x000002581810e700
}

Java Threads: ( => current thread )
  0x00000257b49a4780 JavaThread "main"                              [_thread_in_Java, id=20588, stack(0x000000a42c100000,0x000000a42c200000) (1024K)]
  0x00000257d2cec080 JavaThread "Reference Handler"          daemon [_thread_blocked, id=20152, stack(0x000000a42c900000,0x000000a42ca00000) (1024K)]
  0x00000257d2ced690 JavaThread "Finalizer"                  daemon [_thread_blocked, id=11232, stack(0x000000a42ca00000,0x000000a42cb00000) (1024K)]
  0x00000257d2cf0350 JavaThread "Signal Dispatcher"          daemon [_thread_blocked, id=21976, stack(0x000000a42cb00000,0x000000a42cc00000) (1024K)]
  0x00000257d2cf2ea0 JavaThread "Attach Listener"            daemon [_thread_blocked, id=20548, stack(0x000000a42cc00000,0x000000a42cd00000) (1024K)]
  0x00000257d2cf39e0 JavaThread "Service Thread"             daemon [_thread_blocked, id=17976, stack(0x000000a42cd00000,0x000000a42ce00000) (1024K)]
  0x00000257d2cf4520 JavaThread "Monitor Deflation Thread"   daemon [_thread_blocked, id=18084, stack(0x000000a42ce00000,0x000000a42cf00000) (1024K)]
=>0x00000257d2cf73a0 JavaThread "C2 CompilerThread0"         daemon [_thread_in_native, id=11572, stack(0x000000a42cf00000,0x000000a42d000000) (1024K)]
  0x00000257d2cfb4d0 JavaThread "C1 CompilerThread0"         daemon [_thread_blocked, id=22576, stack(0x000000a42d000000,0x000000a42d100000) (1024K)]
  0x00000258180ed6c0 JavaThread "Notification Thread"        daemon [_thread_blocked, id=20860, stack(0x000000a42d100000,0x000000a42d200000) (1024K)]
  0x000002581810e700 JavaThread "Common-Cleaner"             daemon [_thread_blocked, id=6620, stack(0x000000a42d200000,0x000000a42d300000) (1024K)]
Total: 11

Other Threads:
  0x00000257d2ccf440 VMThread "VM Thread"                           [id=22744, stack(0x000000a42c800000,0x000000a42c900000) (1024K)]
  0x00000257d2cc24d0 WatcherThread "VM Periodic Task Thread"        [id=13876, stack(0x000000a42c700000,0x000000a42c800000) (1024K)]
  0x00000257b6cd11d0 WorkerThread "GC Thread#0"                     [id=9996, stack(0x000000a42c200000,0x000000a42c300000) (1024K)]
  0x000002581857f290 WorkerThread "GC Thread#1"                     [id=4816, stack(0x000000a42d300000,0x000000a42d400000) (1024K)]
  0x0000025818afca40 WorkerThread "GC Thread#2"                     [id=9880, stack(0x000000a42d400000,0x000000a42d500000) (1024K)]
  0x0000025818610980 WorkerThread "GC Thread#3"                     [id=12200, stack(0x000000a42d500000,0x000000a42d600000) (1024K)]
  0x00000257b6ce3440 ConcurrentGCThread "G1 Main Marker"            [id=22656, stack(0x000000a42c300000,0x000000a42c400000) (1024K)]
  0x00000257b6ce3e40 WorkerThread "G1 Conc#0"                       [id=80, stack(0x000000a42c400000,0x000000a42c500000) (1024K)]
  0x00000257b6d3e620 ConcurrentGCThread "G1 Refine#0"               [id=20020, stack(0x000000a42c500000,0x000000a42c600000) (1024K)]
  0x00000257d2b93640 ConcurrentGCThread "G1 Service"                [id=22060, stack(0x000000a42c600000,0x000000a42c700000) (1024K)]
Total: 10

Threads with active compile tasks:
C2 CompilerThread0     1098 1119   !   4       sun.nio.cs.StreamDecoder::read (78 bytes)
Total: 1

VM state: not at safepoint (normal execution)

VM Mutex/Monitor currently owned by a thread: None

Heap address: 0x0000000083200000, size: 1998 MB, Compressed Oops mode: 32-bit

CDS archive(s) mapped at: [0x00000257d3000000-0x00000257d3c90000-0x00000257d3c90000), size 13172736, SharedBaseAddress: 0x00000257d3000000, ArchiveRelocationMode: 1.
Compressed class space mapped at: 0x00000257d4000000-0x0000025814000000, reserved size: 1073741824
Narrow klass base: 0x00000257d3000000, Narrow klass shift: 0, Narrow klass range: 0x100000000

GC Precious Log:
 CardTable entry size: 512
 Card Set container configuration: InlinePtr #cards 5 size 8 Array Of Cards #cards 12 size 40 Howl #buckets 4 coarsen threshold 1843 Howl Bitmap #cards 512 size 80 coarsen threshold 460 Card regions per heap region 1 cards per card region 2048
 CPUs: 4 total, 4 available
 Memory: 7991M
 Large Page Support: Disabled
 NUMA Support: Disabled
 Compressed Oops: Enabled (32-bit)
 Heap Region Size: 1M
 Heap Min Capacity: 8M
 Heap Initial Capacity: 126M
 Heap Max Capacity: 1998M
 Pre-touch: Disabled
 Parallel Workers: 4
 Concurrent Workers: 1
 Concurrent Refinement Workers: 4
 Periodic GC: Disabled

Heap:
 garbage-first heap   total 129024K, used 9343K [0x0000000083200000, 0x0000000100000000)
  region size 1024K, 9 young (9216K), 2 survivors (2048K)
 Metaspace       used 5598K, committed 5824K, reserved 1114112K
  class space    used 641K, committed 768K, reserved 1048576K

Heap Regions: E=young(eden), S=young(survivor), O=old, HS=humongous(starts), HC=humongous(continues), CS=collection set, F=free, TAMS=top-at-mark-start, PB=parsable bottom
|   0|0x0000000083200000, 0x0000000083300000, 0x0000000083300000|100%| O|  |TAMS 0x0000000083200000| PB 0x0000000083200000| Untracked 
|   1|0x0000000083300000, 0x000000008331ffe0, 0x0000000083400000| 12%| O|  |TAMS 0x0000000083300000| PB 0x0000000083300000| Untracked 
|   2|0x0000000083400000, 0x0000000083400000, 0x0000000083500000|  0%| F|  |TAMS 0x0000000083400000| PB 0x0000000083400000| Untracked 
|   3|0x0000000083500000, 0x0000000083500000, 0x0000000083600000|  0%| F|  |TAMS 0x0000000083500000| PB 0x0000000083500000| Untracked 
|   4|0x0000000083600000, 0x0000000083600000, 0x0000000083700000|  0%| F|  |TAMS 0x0000000083600000| PB 0x0000000083600000| Untracked 
|   5|0x0000000083700000, 0x0000000083700000, 0x0000000083800000|  0%| F|  |TAMS 0x0000000083700000| PB 0x0000000083700000| Untracked 
|   6|0x0000000083800000, 0x0000000083800000, 0x0000000083900000|  0%| F|  |TAMS 0x0000000083800000| PB 0x0000000083800000| Untracked 
|   7|0x0000000083900000, 0x0000000083900000, 0x0000000083a00000|  0%| F|  |TAMS 0x0000000083900000| PB 0x0000000083900000| Untracked 
|   8|0x0000000083a00000, 0x0000000083a00000, 0x0000000083b00000|  0%| F|  |TAMS 0x0000000083a00000| PB 0x0000000083a00000| Untracked 
|   9|0x0000000083b00000, 0x0000000083b00000, 0x0000000083c00000|  0%| F|  |TAMS 0x0000000083b00000| PB 0x0000000083b00000| Untracked 
|  10|0x0000000083c00000, 0x0000000083c00000, 0x0000000083d00000|  0%| F|  |TAMS 0x0000000083c00000| PB 0x0000000083c00000| Untracked 
|  11|0x0000000083d00000, 0x0000000083d00000, 0x0000000083e00000|  0%| F|  |TAMS 0x0000000083d00000| PB 0x0000000083d00000| Untracked 
|  12|0x0000000083e00000, 0x0000000083e00000, 0x0000000083f00000|  0%| F|  |TAMS 0x0000000083e00000| PB 0x0000000083e00000| Untracked 
|  13|0x0000000083f00000, 0x0000000083f00000, 0x0000000084000000|  0%| F|  |TAMS 0x0000000083f00000| PB 0x0000000083f00000| Untracked 
|  14|0x0000000084000000, 0x0000000084000000, 0x0000000084100000|  0%| F|  |TAMS 0x0000000084000000| PB 0x0000000084000000| Untracked 
|  15|0x0000000084100000, 0x0000000084100000, 0x0000000084200000|  0%| F|  |TAMS 0x0000000084100000| PB 0x0000000084100000| Untracked 
|  16|0x0000000084200000, 0x0000000084200000, 0x0000000084300000|  0%| F|  |TAMS 0x0000000084200000| PB 0x0000000084200000| Untracked 
|  17|0x0000000084300000, 0x0000000084300000, 0x0000000084400000|  0%| F|  |TAMS 0x0000000084300000| PB 0x0000000084300000| Untracked 
|  18|0x0000000084400000, 0x0000000084400000, 0x0000000084500000|  0%| F|  |TAMS 0x0000000084400000| PB 0x0000000084400000| Untracked 
|  19|0x0000000084500000, 0x0000000084500000, 0x0000000084600000|  0%| F|  |TAMS 0x0000000084500000| PB 0x0000000084500000| Untracked 
|  20|0x0000000084600000, 0x0000000084600000, 0x0000000084700000|  0%| F|  |TAMS 0x0000000084600000| PB 0x0000000084600000| Untracked 
|  21|0x0000000084700000, 0x0000000084700000, 0x0000000084800000|  0%| F|  |TAMS 0x0000000084700000| PB 0x0000000084700000| Untracked 
|  22|0x0000000084800000, 0x0000000084800000, 0x0000000084900000|  0%| F|  |TAMS 0x0000000084800000| PB 0x0000000084800000| Untracked 
|  23|0x0000000084900000, 0x0000000084900000, 0x0000000084a00000|  0%| F|  |TAMS 0x0000000084900000| PB 0x0000000084900000| Untracked 
|  24|0x0000000084a00000, 0x0000000084a00000, 0x0000000084b00000|  0%| F|  |TAMS 0x0000000084a00000| PB 0x0000000084a00000| Untracked 
|  25|0x0000000084b00000, 0x0000000084b00000, 0x0000000084c00000|  0%| F|  |TAMS 0x0000000084b00000| PB 0x0000000084b00000| Untracked 
|  26|0x0000000084c00000, 0x0000000084c00000, 0x0000000084d00000|  0%| F|  |TAMS 0x0000000084c00000| PB 0x0000000084c00000| Untracked 
|  27|0x0000000084d00000, 0x0000000084d00000, 0x0000000084e00000|  0%| F|  |TAMS 0x0000000084d00000| PB 0x0000000084d00000| Untracked 
|  28|0x0000000084e00000, 0x0000000084e00000, 0x0000000084f00000|  0%| F|  |TAMS 0x0000000084e00000| PB 0x0000000084e00000| Untracked 
|  29|0x0000000084f00000, 0x0000000084f00000, 0x0000000085000000|  0%| F|  |TAMS 0x0000000084f00000| PB 0x0000000084f00000| Untracked 
|  30|0x0000000085000000, 0x0000000085000000, 0x0000000085100000|  0%| F|  |TAMS 0x0000000085000000| PB 0x0000000085000000| Untracked 
|  31|0x0000000085100000, 0x0000000085100000, 0x0000000085200000|  0%| F|  |TAMS 0x0000000085100000| PB 0x0000000085100000| Untracked 
|  32|0x0000000085200000, 0x0000000085200000, 0x0000000085300000|  0%| F|  |TAMS 0x0000000085200000| PB 0x0000000085200000| Untracked 
|  33|0x0000000085300000, 0x0000000085300000, 0x0000000085400000|  0%| F|  |TAMS 0x0000000085300000| PB 0x0000000085300000| Untracked 
|  34|0x0000000085400000, 0x0000000085400000, 0x0000000085500000|  0%| F|  |TAMS 0x0000000085400000| PB 0x0000000085400000| Untracked 
|  35|0x0000000085500000, 0x0000000085500000, 0x0000000085600000|  0%| F|  |TAMS 0x0000000085500000| PB 0x0000000085500000| Untracked 
|  36|0x0000000085600000, 0x0000000085600000, 0x0000000085700000|  0%| F|  |TAMS 0x0000000085600000| PB 0x0000000085600000| Untracked 
|  37|0x0000000085700000, 0x0000000085700000, 0x0000000085800000|  0%| F|  |TAMS 0x0000000085700000| PB 0x0000000085700000| Untracked 
|  38|0x0000000085800000, 0x0000000085800000, 0x0000000085900000|  0%| F|  |TAMS 0x0000000085800000| PB 0x0000000085800000| Untracked 
|  39|0x0000000085900000, 0x0000000085900000, 0x0000000085a00000|  0%| F|  |TAMS 0x0000000085900000| PB 0x0000000085900000| Untracked 
|  40|0x0000000085a00000, 0x0000000085a00000, 0x0000000085b00000|  0%| F|  |TAMS 0x0000000085a00000| PB 0x0000000085a00000| Untracked 
|  41|0x0000000085b00000, 0x0000000085b00000, 0x0000000085c00000|  0%| F|  |TAMS 0x0000000085b00000| PB 0x0000000085b00000| Untracked 
|  42|0x0000000085c00000, 0x0000000085c00000, 0x0000000085d00000|  0%| F|  |TAMS 0x0000000085c00000| PB 0x0000000085c00000| Untracked 
|  43|0x0000000085d00000, 0x0000000085d00000, 0x0000000085e00000|  0%| F|  |TAMS 0x0000000085d00000| PB 0x0000000085d00000| Untracked 
|  44|0x0000000085e00000, 0x0000000085e00000, 0x0000000085f00000|  0%| F|  |TAMS 0x0000000085e00000| PB 0x0000000085e00000| Untracked 
|  45|0x0000000085f00000, 0x0000000085f00000, 0x0000000086000000|  0%| F|  |TAMS 0x0000000085f00000| PB 0x0000000085f00000| Untracked 
|  46|0x0000000086000000, 0x0000000086000000, 0x0000000086100000|  0%| F|  |TAMS 0x0000000086000000| PB 0x0000000086000000| Untracked 
|  47|0x0000000086100000, 0x0000000086100000, 0x0000000086200000|  0%| F|  |TAMS 0x0000000086100000| PB 0x0000000086100000| Untracked 
|  48|0x0000000086200000, 0x0000000086200000, 0x0000000086300000|  0%| F|  |TAMS 0x0000000086200000| PB 0x0000000086200000| Untracked 
|  49|0x0000000086300000, 0x0000000086300000, 0x0000000086400000|  0%| F|  |TAMS 0x0000000086300000| PB 0x0000000086300000| Untracked 
|  50|0x0000000086400000, 0x0000000086400000, 0x0000000086500000|  0%| F|  |TAMS 0x0000000086400000| PB 0x0000000086400000| Untracked 
|  51|0x0000000086500000, 0x0000000086500000, 0x0000000086600000|  0%| F|  |TAMS 0x0000000086500000| PB 0x0000000086500000| Untracked 
|  52|0x0000000086600000, 0x0000000086600000, 0x0000000086700000|  0%| F|  |TAMS 0x0000000086600000| PB 0x0000000086600000| Untracked 
|  53|0x0000000086700000, 0x0000000086700000, 0x0000000086800000|  0%| F|  |TAMS 0x0000000086700000| PB 0x0000000086700000| Untracked 
|  54|0x0000000086800000, 0x0000000086800000, 0x0000000086900000|  0%| F|  |TAMS 0x0000000086800000| PB 0x0000000086800000| Untracked 
|  55|0x0000000086900000, 0x0000000086900000, 0x0000000086a00000|  0%| F|  |TAMS 0x0000000086900000| PB 0x0000000086900000| Untracked 
|  56|0x0000000086a00000, 0x0000000086a00000, 0x0000000086b00000|  0%| F|  |TAMS 0x0000000086a00000| PB 0x0000000086a00000| Untracked 
|  57|0x0000000086b00000, 0x0000000086b00000, 0x0000000086c00000|  0%| F|  |TAMS 0x0000000086b00000| PB 0x0000000086b00000| Untracked 
|  58|0x0000000086c00000, 0x0000000086c00000, 0x0000000086d00000|  0%| F|  |TAMS 0x0000000086c00000| PB 0x0000000086c00000| Untracked 
|  59|0x0000000086d00000, 0x0000000086d00000, 0x0000000086e00000|  0%| F|  |TAMS 0x0000000086d00000| PB 0x0000000086d00000| Untracked 
|  60|0x0000000086e00000, 0x0000000086e00000, 0x0000000086f00000|  0%| F|  |TAMS 0x0000000086e00000| PB 0x0000000086e00000| Untracked 
|  61|0x0000000086f00000, 0x0000000086f00000, 0x0000000087000000|  0%| F|  |TAMS 0x0000000086f00000| PB 0x0000000086f00000| Untracked 
|  62|0x0000000087000000, 0x0000000087000000, 0x0000000087100000|  0%| F|  |TAMS 0x0000000087000000| PB 0x0000000087000000| Untracked 
|  63|0x0000000087100000, 0x0000000087100000, 0x0000000087200000|  0%| F|  |TAMS 0x0000000087100000| PB 0x0000000087100000| Untracked 
|  64|0x0000000087200000, 0x0000000087200000, 0x0000000087300000|  0%| F|  |TAMS 0x0000000087200000| PB 0x0000000087200000| Untracked 
|  65|0x0000000087300000, 0x0000000087300000, 0x0000000087400000|  0%| F|  |TAMS 0x0000000087300000| PB 0x0000000087300000| Untracked 
|  66|0x0000000087400000, 0x0000000087400000, 0x0000000087500000|  0%| F|  |TAMS 0x0000000087400000| PB 0x0000000087400000| Untracked 
|  67|0x0000000087500000, 0x0000000087500000, 0x0000000087600000|  0%| F|  |TAMS 0x0000000087500000| PB 0x0000000087500000| Untracked 
|  68|0x0000000087600000, 0x0000000087600000, 0x0000000087700000|  0%| F|  |TAMS 0x0000000087600000| PB 0x0000000087600000| Untracked 
|  69|0x0000000087700000, 0x0000000087700000, 0x0000000087800000|  0%| F|  |TAMS 0x0000000087700000| PB 0x0000000087700000| Untracked 
|  70|0x0000000087800000, 0x0000000087800000, 0x0000000087900000|  0%| F|  |TAMS 0x0000000087800000| PB 0x0000000087800000| Untracked 
|  71|0x0000000087900000, 0x0000000087900000, 0x0000000087a00000|  0%| F|  |TAMS 0x0000000087900000| PB 0x0000000087900000| Untracked 
|  72|0x0000000087a00000, 0x0000000087a00000, 0x0000000087b00000|  0%| F|  |TAMS 0x0000000087a00000| PB 0x0000000087a00000| Untracked 
|  73|0x0000000087b00000, 0x0000000087b00000, 0x0000000087c00000|  0%| F|  |TAMS 0x0000000087b00000| PB 0x0000000087b00000| Untracked 
|  74|0x0000000087c00000, 0x0000000087c00000, 0x0000000087d00000|  0%| F|  |TAMS 0x0000000087c00000| PB 0x0000000087c00000| Untracked 
|  75|0x0000000087d00000, 0x0000000087d00000, 0x0000000087e00000|  0%| F|  |TAMS 0x0000000087d00000| PB 0x0000000087d00000| Untracked 
|  76|0x0000000087e00000, 0x0000000087e00000, 0x0000000087f00000|  0%| F|  |TAMS 0x0000000087e00000| PB 0x0000000087e00000| Untracked 
|  77|0x0000000087f00000, 0x0000000087f00000, 0x0000000088000000|  0%| F|  |TAMS 0x0000000087f00000| PB 0x0000000087f00000| Untracked 
|  78|0x0000000088000000, 0x0000000088000000, 0x0000000088100000|  0%| F|  |TAMS 0x0000000088000000| PB 0x0000000088000000| Untracked 
|  79|0x0000000088100000, 0x0000000088100000, 0x0000000088200000|  0%| F|  |TAMS 0x0000000088100000| PB 0x0000000088100000| Untracked 
|  80|0x0000000088200000, 0x0000000088200000, 0x0000000088300000|  0%| F|  |TAMS 0x0000000088200000| PB 0x0000000088200000| Untracked 
|  81|0x0000000088300000, 0x0000000088300000, 0x0000000088400000|  0%| F|  |TAMS 0x0000000088300000| PB 0x0000000088300000| Untracked 
|  82|0x0000000088400000, 0x0000000088400000, 0x0000000088500000|  0%| F|  |TAMS 0x0000000088400000| PB 0x0000000088400000| Untracked 
|  83|0x0000000088500000, 0x0000000088500000, 0x0000000088600000|  0%| F|  |TAMS 0x0000000088500000| PB 0x0000000088500000| Untracked 
|  84|0x0000000088600000, 0x0000000088600000, 0x0000000088700000|  0%| F|  |TAMS 0x0000000088600000| PB 0x0000000088600000| Untracked 
|  85|0x0000000088700000, 0x0000000088700000, 0x0000000088800000|  0%| F|  |TAMS 0x0000000088700000| PB 0x0000000088700000| Untracked 
|  86|0x0000000088800000, 0x0000000088800000, 0x0000000088900000|  0%| F|  |TAMS 0x0000000088800000| PB 0x0000000088800000| Untracked 
|  87|0x0000000088900000, 0x0000000088900000, 0x0000000088a00000|  0%| F|  |TAMS 0x0000000088900000| PB 0x0000000088900000| Untracked 
|  88|0x0000000088a00000, 0x0000000088a00000, 0x0000000088b00000|  0%| F|  |TAMS 0x0000000088a00000| PB 0x0000000088a00000| Untracked 
|  89|0x0000000088b00000, 0x0000000088b00000, 0x0000000088c00000|  0%| F|  |TAMS 0x0000000088b00000| PB 0x0000000088b00000| Untracked 
|  90|0x0000000088c00000, 0x0000000088c00000, 0x0000000088d00000|  0%| F|  |TAMS 0x0000000088c00000| PB 0x0000000088c00000| Untracked 
|  91|0x0000000088d00000, 0x0000000088d00000, 0x0000000088e00000|  0%| F|  |TAMS 0x0000000088d00000| PB 0x0000000088d00000| Untracked 
|  92|0x0000000088e00000, 0x0000000088e00000, 0x0000000088f00000|  0%| F|  |TAMS 0x0000000088e00000| PB 0x0000000088e00000| Untracked 
|  93|0x0000000088f00000, 0x0000000088f00000, 0x0000000089000000|  0%| F|  |TAMS 0x0000000088f00000| PB 0x0000000088f00000| Untracked 
|  94|0x0000000089000000, 0x0000000089000000, 0x0000000089100000|  0%| F|  |TAMS 0x0000000089000000| PB 0x0000000089000000| Untracked 
|  95|0x0000000089100000, 0x0000000089100000, 0x0000000089200000|  0%| F|  |TAMS 0x0000000089100000| PB 0x0000000089100000| Untracked 
|  96|0x0000000089200000, 0x0000000089200000, 0x0000000089300000|  0%| F|  |TAMS 0x0000000089200000| PB 0x0000000089200000| Untracked 
|  97|0x0000000089300000, 0x0000000089300000, 0x0000000089400000|  0%| F|  |TAMS 0x0000000089300000| PB 0x0000000089300000| Untracked 
|  98|0x0000000089400000, 0x0000000089400000, 0x0000000089500000|  0%| F|  |TAMS 0x0000000089400000| PB 0x0000000089400000| Untracked 
|  99|0x0000000089500000, 0x0000000089500000, 0x0000000089600000|  0%| F|  |TAMS 0x0000000089500000| PB 0x0000000089500000| Untracked 
| 100|0x0000000089600000, 0x0000000089600000, 0x0000000089700000|  0%| F|  |TAMS 0x0000000089600000| PB 0x0000000089600000| Untracked 
| 101|0x0000000089700000, 0x0000000089700000, 0x0000000089800000|  0%| F|  |TAMS 0x0000000089700000| PB 0x0000000089700000| Untracked 
| 102|0x0000000089800000, 0x0000000089800000, 0x0000000089900000|  0%| F|  |TAMS 0x0000000089800000| PB 0x0000000089800000| Untracked 
| 103|0x0000000089900000, 0x0000000089900000, 0x0000000089a00000|  0%| F|  |TAMS 0x0000000089900000| PB 0x0000000089900000| Untracked 
| 104|0x0000000089a00000, 0x0000000089a00000, 0x0000000089b00000|  0%| F|  |TAMS 0x0000000089a00000| PB 0x0000000089a00000| Untracked 
| 105|0x0000000089b00000, 0x0000000089b00000, 0x0000000089c00000|  0%| F|  |TAMS 0x0000000089b00000| PB 0x0000000089b00000| Untracked 
| 106|0x0000000089c00000, 0x0000000089c00000, 0x0000000089d00000|  0%| F|  |TAMS 0x0000000089c00000| PB 0x0000000089c00000| Untracked 
| 107|0x0000000089d00000, 0x0000000089d00000, 0x0000000089e00000|  0%| F|  |TAMS 0x0000000089d00000| PB 0x0000000089d00000| Untracked 
| 108|0x0000000089e00000, 0x0000000089e00000, 0x0000000089f00000|  0%| F|  |TAMS 0x0000000089e00000| PB 0x0000000089e00000| Untracked 
| 109|0x0000000089f00000, 0x0000000089f00000, 0x000000008a000000|  0%| F|  |TAMS 0x0000000089f00000| PB 0x0000000089f00000| Untracked 
| 110|0x000000008a000000, 0x000000008a000000, 0x000000008a100000|  0%| F|  |TAMS 0x000000008a000000| PB 0x000000008a000000| Untracked 
| 111|0x000000008a100000, 0x000000008a200000, 0x000000008a200000|100%| S|CS|TAMS 0x000000008a100000| PB 0x000000008a100000| Complete 
| 112|0x000000008a200000, 0x000000008a300000, 0x000000008a300000|100%| S|CS|TAMS 0x000000008a200000| PB 0x000000008a200000| Complete 
| 113|0x000000008a300000, 0x000000008a300000, 0x000000008a400000|  0%| F|  |TAMS 0x000000008a300000| PB 0x000000008a300000| Untracked 
| 114|0x000000008a400000, 0x000000008a400000, 0x000000008a500000|  0%| F|  |TAMS 0x000000008a400000| PB 0x000000008a400000| Untracked 
| 115|0x000000008a500000, 0x000000008a500000, 0x000000008a600000|  0%| F|  |TAMS 0x000000008a500000| PB 0x000000008a500000| Untracked 
| 116|0x000000008a600000, 0x000000008a600000, 0x000000008a700000|  0%| F|  |TAMS 0x000000008a600000| PB 0x000000008a600000| Untracked 
| 117|0x000000008a700000, 0x000000008a700000, 0x000000008a800000|  0%| F|  |TAMS 0x000000008a700000| PB 0x000000008a700000| Untracked 
| 118|0x000000008a800000, 0x000000008a835ca8, 0x000000008a900000| 21%| E|  |TAMS 0x000000008a800000| PB 0x000000008a800000| Complete 
| 119|0x000000008a900000, 0x000000008aa00000, 0x000000008aa00000|100%| E|CS|TAMS 0x000000008a900000| PB 0x000000008a900000| Complete 
| 120|0x000000008aa00000, 0x000000008ab00000, 0x000000008ab00000|100%| E|CS|TAMS 0x000000008aa00000| PB 0x000000008aa00000| Complete 
| 121|0x000000008ab00000, 0x000000008ac00000, 0x000000008ac00000|100%| E|CS|TAMS 0x000000008ab00000| PB 0x000000008ab00000| Complete 
| 122|0x000000008ac00000, 0x000000008ad00000, 0x000000008ad00000|100%| E|CS|TAMS 0x000000008ac00000| PB 0x000000008ac00000| Complete 
| 123|0x000000008ad00000, 0x000000008ae00000, 0x000000008ae00000|100%| E|CS|TAMS 0x000000008ad00000| PB 0x000000008ad00000| Complete 
| 124|0x000000008ae00000, 0x000000008af00000, 0x000000008af00000|100%| E|CS|TAMS 0x000000008ae00000| PB 0x000000008ae00000| Complete 
| 125|0x000000008af00000, 0x000000008b000000, 0x000000008b000000|100%| E|CS|TAMS 0x000000008af00000| PB 0x000000008af00000| Complete 

Card table byte_map: [0x00000257ce4f0000,0x00000257ce8e0000] _byte_map_base: 0x00000257ce0d7000

Marking Bits: (CMBitMap*) 0x00000257b6cd1fe0
 Bits: [0x00000257ce8e0000, 0x00000257d0818000)

Polling page: 0x00000257b4be0000

Metaspace:

Usage:
  Non-class:      4.85 MB used.
      Class:    643.73 KB used.
       Both:      5.48 MB used.

Virtual space:
  Non-class space:       64.00 MB reserved,       4.94 MB (  8%) committed,  1 nodes.
      Class space:        1.00 GB reserved,     768.00 KB ( <1%) committed,  1 nodes.
             Both:        1.06 GB reserved,       5.69 MB ( <1%) committed. 

Chunk freelists:
   Non-Class:  9.20 MB
       Class:  15.30 MB
        Both:  24.50 MB

MaxMetaspaceSize: unlimited
CompressedClassSpaceSize: 1.00 GB
Initial GC threshold: 21.00 MB
Current GC threshold: 21.00 MB
CDS: on
 - commit_granule_bytes: 65536.
 - commit_granule_words: 8192.
 - virtual_space_node_default_size: 8388608.
 - enlarge_chunks_in_place: 1.
 - use_allocation_guard: 0.


Internal statistics:

num_allocs_failed_limit: 0.
num_arena_births: 58.
num_arena_deaths: 0.
num_vsnodes_births: 2.
num_vsnodes_deaths: 0.
num_space_committed: 91.
num_space_uncommitted: 0.
num_chunks_returned_to_freelist: 0.
num_chunks_taken_from_freelist: 219.
num_chunk_merges: 0.
num_chunk_splits: 139.
num_chunks_enlarged: 112.
num_inconsistent_stats: 0.

CodeHeap 'non-profiled nmethods': size=120000Kb used=350Kb max_used=350Kb free=119649Kb
 bounds [0x00000257c6bd0000, 0x00000257c6e40000, 0x00000257ce100000]
CodeHeap 'profiled nmethods': size=120000Kb used=2213Kb max_used=2213Kb free=117786Kb
 bounds [0x00000257bf100000, 0x00000257bf370000, 0x00000257c6630000]
CodeHeap 'non-nmethods': size=5760Kb used=1485Kb max_used=1503Kb free=4275Kb
 bounds [0x00000257c6630000, 0x00000257c68a0000, 0x00000257c6bd0000]
 total_blobs=1593 nmethods=1135 adapters=363
 compilation: enabled
              stopped_count=0, restarted_count=0
 full_count=0

Compilation events (20 events):
Event: 1.076 Thread 0x00000257d2cfb4d0 1112       3       java.nio.CharBuffer::limit (6 bytes)
Event: 1.076 Thread 0x00000257d2cfb4d0 nmethod 1112 0x00000257bf312290 code [0x00000257bf312440, 0x00000257bf3125f0]
Event: 1.076 Thread 0x00000257d2cfb4d0 1113       3       java.nio.CharBuffer::limit (8 bytes)
Event: 1.077 Thread 0x00000257d2cfb4d0 nmethod 1113 0x00000257bf312710 code [0x00000257bf3128c0, 0x00000257bf312a10]
Event: 1.077 Thread 0x00000257d2cfb4d0 1097   !   3       java.nio.CharBuffer::wrap (21 bytes)
Event: 1.077 Thread 0x00000257d2cfb4d0 nmethod 1097 0x00000257bf312a90 code [0x00000257bf312c60, 0x00000257bf312f10]
Event: 1.077 Thread 0x00000257d2cfb4d0 1098       3       java.nio.HeapCharBuffer::<init> (23 bytes)
Event: 1.077 Thread 0x00000257d2cfb4d0 nmethod 1098 0x00000257bf313090 code [0x00000257bf313240, 0x00000257bf3133c0]
Event: 1.077 Thread 0x00000257d2cfb4d0 1114       3       sun.nio.cs.StreamDecoder::lockedRead0 (95 bytes)
Event: 1.077 Thread 0x00000257d2cfb4d0 nmethod 1114 0x00000257bf313490 code [0x00000257bf313660, 0x00000257bf3139e8]
Event: 1.077 Thread 0x00000257d2cfb4d0 1115   !   3       sun.nio.cs.StreamDecoder::read0 (59 bytes)
Event: 1.078 Thread 0x00000257d2cfb4d0 nmethod 1115 0x00000257bf313a90 code [0x00000257bf313d20, 0x00000257bf314b30]
Event: 1.079 Thread 0x00000257d2cfb4d0 1123       3       org.codehaus.plexus.util.xml.pull.MXParser::isS (30 bytes)
Event: 1.079 Thread 0x00000257d2cfb4d0 nmethod 1123 0x00000257bf315010 code [0x00000257bf3151a0, 0x00000257bf315388]
Event: 1.079 Thread 0x00000257d2cfb4d0 1124       3       org.codehaus.plexus.util.xml.pull.MXParser::isNameStartChar (56 bytes)
Event: 1.080 Thread 0x00000257d2cfb4d0 nmethod 1124 0x00000257bf315410 code [0x00000257bf3155c0, 0x00000257bf315868]
Event: 1.081 Thread 0x00000257d2cfb4d0 1126       3       java.lang.StringLatin1::trim (76 bytes)
Event: 1.081 Thread 0x00000257d2cfb4d0 nmethod 1126 0x00000257bf315910 code [0x00000257bf315ae0, 0x00000257bf315eb8]
Event: 1.081 Thread 0x00000257d2cfb4d0 1125       3       java.lang.String::trim (35 bytes)
Event: 1.081 Thread 0x00000257d2cfb4d0 nmethod 1125 0x00000257bf316010 code [0x00000257bf3161e0, 0x00000257bf3164c8]

GC Heap History (2 events):
Event: 0.930 GC heap before
{Heap before GC invocations=0 (full 0):
 garbage-first heap   total 129024K, used 12288K [0x0000000083200000, 0x0000000100000000)
  region size 1024K, 13 young (13312K), 0 survivors (0K)
 Metaspace       used 3808K, committed 4032K, reserved 1114112K
  class space    used 390K, committed 512K, reserved 1048576K
}
Event: 0.934 GC heap after
{Heap after GC invocations=1 (full 0):
 garbage-first heap   total 129024K, used 3199K [0x0000000083200000, 0x0000000100000000)
  region size 1024K, 2 young (2048K), 2 survivors (2048K)
 Metaspace       used 3808K, committed 4032K, reserved 1114112K
  class space    used 390K, committed 512K, reserved 1048576K
}

Dll operation events (8 events):
Event: 0.007 Loaded shared library C:\Program Files\Java\jdk-21\bin\java.dll
Event: 0.035 Loaded shared library C:\Program Files\Java\jdk-21\bin\jsvml.dll
Event: 0.057 Loaded shared library C:\Program Files\Java\jdk-21\bin\net.dll
Event: 0.059 Loaded shared library C:\Program Files\Java\jdk-21\bin\nio.dll
Event: 0.064 Loaded shared library C:\Program Files\Java\jdk-21\bin\zip.dll
Event: 0.435 Loaded shared library C:\Program Files\NetBeans-24\netbeans\java\maven\lib\jansi-native\Windows\x86_64\jansi.dll
Event: 0.465 Loaded shared library C:\Program Files\Java\jdk-21\bin\verify.dll
Event: 0.542 Loaded shared library C:\Program Files\Java\jdk-21\bin\jimage.dll

Deoptimization events (20 events):
Event: 1.028 Thread 0x00000257b49a4780 Uncommon trap: trap_request=0xffffffde fr.pc=0x00000257c6c1f2cc relative=0x000000000000012c
Event: 1.028 Thread 0x00000257b49a4780 Uncommon trap: reason=class_check action=maybe_recompile pc=0x00000257c6c1f2cc method=jdk.internal.misc.Unsafe.allocateUninitializedArray(Ljava/lang/Class;I)Ljava/lang/Object; @ 51 c2
Event: 1.028 Thread 0x00000257b49a4780 DEOPT PACKING pc=0x00000257c6c1f2cc sp=0x000000a42c1fca70
Event: 1.028 Thread 0x00000257b49a4780 DEOPT UNPACKING pc=0x00000257c6687da2 sp=0x000000a42c1fc9e8 mode 2
Event: 1.028 Thread 0x00000257b49a4780 Uncommon trap: trap_request=0xffffffde fr.pc=0x00000257c6c1f2cc relative=0x000000000000012c
Event: 1.028 Thread 0x00000257b49a4780 Uncommon trap: reason=class_check action=maybe_recompile pc=0x00000257c6c1f2cc method=jdk.internal.misc.Unsafe.allocateUninitializedArray(Ljava/lang/Class;I)Ljava/lang/Object; @ 51 c2
Event: 1.028 Thread 0x00000257b49a4780 DEOPT PACKING pc=0x00000257c6c1f2cc sp=0x000000a42c1fca70
Event: 1.028 Thread 0x00000257b49a4780 DEOPT UNPACKING pc=0x00000257c6687da2 sp=0x000000a42c1fc9e8 mode 2
Event: 1.062 Thread 0x00000257b49a4780 Uncommon trap: trap_request=0xffffff6e fr.pc=0x00000257c6c0ddac relative=0x000000000000040c
Event: 1.062 Thread 0x00000257b49a4780 Uncommon trap: reason=loop_limit_check action=maybe_recompile pc=0x00000257c6c0ddac method=java.lang.StringLatin1.indexOf([BI[BII)I @ 37 c2
Event: 1.062 Thread 0x00000257b49a4780 DEOPT PACKING pc=0x00000257c6c0ddac sp=0x000000a42c1fdb00
Event: 1.062 Thread 0x00000257b49a4780 DEOPT UNPACKING pc=0x00000257c6687da2 sp=0x000000a42c1fda60 mode 2
Event: 1.064 Thread 0x00000257b49a4780 Uncommon trap: trap_request=0xffffffde fr.pc=0x00000257c6c09844 relative=0x00000000000005a4
Event: 1.064 Thread 0x00000257b49a4780 Uncommon trap: reason=class_check action=maybe_recompile pc=0x00000257c6c09844 method=java.util.regex.Matcher.search(I)Z @ 121 c2
Event: 1.064 Thread 0x00000257b49a4780 DEOPT PACKING pc=0x00000257c6c09844 sp=0x000000a42c1fdf30
Event: 1.064 Thread 0x00000257b49a4780 DEOPT UNPACKING pc=0x00000257c6687da2 sp=0x000000a42c1fdf10 mode 2
Event: 1.064 Thread 0x00000257b49a4780 Uncommon trap: trap_request=0xffffff76 fr.pc=0x00000257c6c03d0c relative=0x000000000000032c
Event: 1.064 Thread 0x00000257b49a4780 Uncommon trap: reason=predicate action=maybe_recompile pc=0x00000257c6c03d0c method=java.util.regex.Pattern$BmpCharPropertyGreedy.match(Ljava/util/regex/Matcher;ILjava/lang/CharSequence;)Z @ 12 c2
Event: 1.064 Thread 0x00000257b49a4780 DEOPT PACKING pc=0x00000257c6c03d0c sp=0x000000a42c1fdd10
Event: 1.064 Thread 0x00000257b49a4780 DEOPT UNPACKING pc=0x00000257c6687da2 sp=0x000000a42c1fdcc8 mode 2

Classes loaded (20 events):
Event: 1.024 Loading class java/lang/annotation/Documented
Event: 1.024 Loading class java/lang/annotation/Documented done
Event: 1.033 Loading class java/util/concurrent/TimeoutException
Event: 1.033 Loading class java/util/concurrent/TimeoutException done
Event: 1.033 Loading class java/util/concurrent/CancellationException
Event: 1.033 Loading class java/util/concurrent/CancellationException done
Event: 1.033 Loading class java/security/PrivilegedActionException
Event: 1.034 Loading class java/security/PrivilegedActionException done
Event: 1.034 Loading class sun/misc/Unsafe
Event: 1.034 Loading class sun/misc/Unsafe done
Event: 1.034 Loading class java/lang/invoke/DirectMethodHandle$StaticAccessor
Event: 1.034 Loading class java/lang/invoke/DirectMethodHandle$StaticAccessor done
Event: 1.038 Loading class java/lang/reflect/ParameterizedType
Event: 1.038 Loading class java/lang/reflect/ParameterizedType done
Event: 1.042 Loading class java/lang/reflect/WildcardType
Event: 1.042 Loading class java/lang/reflect/WildcardType done
Event: 1.044 Loading class sun/reflect/generics/tree/TypeVariableSignature
Event: 1.044 Loading class sun/reflect/generics/tree/TypeVariableSignature done
Event: 1.060 Loading class java/lang/annotation/IncompleteAnnotationException
Event: 1.060 Loading class java/lang/annotation/IncompleteAnnotationException done

Classes unloaded (0 events):
No events

Classes redefined (0 events):
No events

Internal exceptions (20 events):
Event: 0.460 Thread 0x00000257b49a4780 Exception <a 'sun/nio/fs/WindowsException'{0x000000008aa12458}> (0x000000008aa12458) 
thrown [s\open\src\hotspot\share\prims\jni.cpp, line 520]
Event: 0.460 Thread 0x00000257b49a4780 Exception <a 'sun/nio/fs/WindowsException'{0x000000008aa12b00}> (0x000000008aa12b00) 
thrown [s\open\src\hotspot\share\prims\jni.cpp, line 520]
Event: 0.460 Thread 0x00000257b49a4780 Exception <a 'sun/nio/fs/WindowsException'{0x000000008aa13160}> (0x000000008aa13160) 
thrown [s\open\src\hotspot\share\prims\jni.cpp, line 520]
Event: 0.460 Thread 0x00000257b49a4780 Exception <a 'sun/nio/fs/WindowsException'{0x000000008aa13760}> (0x000000008aa13760) 
thrown [s\open\src\hotspot\share\prims\jni.cpp, line 520]
Event: 0.460 Thread 0x00000257b49a4780 Exception <a 'sun/nio/fs/WindowsException'{0x000000008aa13ce0}> (0x000000008aa13ce0) 
thrown [s\open\src\hotspot\share\prims\jni.cpp, line 520]
Event: 0.460 Thread 0x00000257b49a4780 Exception <a 'sun/nio/fs/WindowsException'{0x000000008aa14238}> (0x000000008aa14238) 
thrown [s\open\src\hotspot\share\prims\jni.cpp, line 520]
Event: 0.460 Thread 0x00000257b49a4780 Exception <a 'sun/nio/fs/WindowsException'{0x000000008aa14740}> (0x000000008aa14740) 
thrown [s\open\src\hotspot\share\prims\jni.cpp, line 520]
Event: 0.460 Thread 0x00000257b49a4780 Exception <a 'sun/nio/fs/WindowsException'{0x000000008aa14c00}> (0x000000008aa14c00) 
thrown [s\open\src\hotspot\share\prims\jni.cpp, line 520]
Event: 0.502 Thread 0x00000257b49a4780 Exception <a 'java/lang/NoSuchMethodError'{0x000000008aa61aa8}: 'void java.lang.invoke.DirectMethodHandle$Holder.invokeStatic(java.lang.Object, java.lang.Object)'> (0x000000008aa61aa8) 
thrown [s\open\src\hotspot\share\interpreter\linkResolver.cpp, line 773]
Event: 0.502 Thread 0x00000257b49a4780 Exception <a 'java/lang/NoSuchMethodError'{0x000000008aa64e88}: 'void java.lang.invoke.DirectMethodHandle$Holder.invokeStaticInit(java.lang.Object, java.lang.Object)'> (0x000000008aa64e88) 
thrown [s\open\src\hotspot\share\interpreter\linkResolver.cpp, line 773]
Event: 0.536 Thread 0x00000257b49a4780 Exception <a 'java/lang/NoSuchMethodError'{0x000000008aaac330}: 'void java.lang.invoke.DirectMethodHandle$Holder.invokeStatic(java.lang.Object, java.lang.Object, java.lang.Object)'> (0x000000008aaac330) 
thrown [s\open\src\hotspot\share\interpreter\linkResolver.cpp, line 773]
Event: 0.702 Thread 0x00000257b49a4780 Exception <a 'java/lang/NoSuchMethodError'{0x000000008a84ebe0}: 'java.lang.Object java.lang.invoke.DirectMethodHandle$Holder.invokeSpecialIFC(java.lang.Object, java.lang.Object, java.lang.Object, java.lang.Object)'> (0x000000008a84ebe0) 
thrown [s\open\src\hotspot\share\interpreter\linkResolver.cpp, line 773]
Event: 0.928 Thread 0x00000257b49a4780 Exception <a 'java/lang/NoSuchMethodError'{0x000000008a3e4f78}: 'void java.lang.invoke.DirectMethodHandle$Holder.invokeSpecial(java.lang.Object, java.lang.Object, java.lang.Object)'> (0x000000008a3e4f78) 
thrown [s\open\src\hotspot\share\interpreter\linkResolver.cpp, line 773]
Event: 0.963 Thread 0x00000257b49a4780 Exception <a 'java/lang/NoSuchMethodError'{0x000000008ae70500}: 'java.lang.Object java.lang.invoke.DirectMethodHandle$Holder.invokeInterface(java.lang.Object, java.lang.Object)'> (0x000000008ae70500) 
thrown [s\open\src\hotspot\share\interpreter\linkResolver.cpp, line 773]
Event: 0.979 Thread 0x00000257b49a4780 Exception <a 'java/lang/NoSuchMethodError'{0x000000008ad09a60}: 'int java.lang.invoke.DirectMethodHandle$Holder.invokeStatic(java.lang.Object, java.lang.Object, java.lang.Object, java.lang.Object)'> (0x000000008ad09a60) 
thrown [s\open\src\hotspot\share\interpreter\linkResolver.cpp, line 773]
Event: 0.979 Thread 0x00000257b49a4780 Exception <a 'java/lang/NoSuchMethodError'{0x000000008ad0d0f0}: 'java.lang.Object java.lang.invoke.Invokers$Holder.invokeExact_MT(java.lang.Object, java.lang.Object, java.lang.Object, java.lang.Object, java.lang.Object, java.lang.Object)'> (0x000000008ad0d0f0) 
thrown [s\open\src\hotspot\share\interpreter\linkResolver.cpp, line 773]
Event: 0.982 Thread 0x00000257b49a4780 Exception <a 'java/lang/NoSuchMethodError'{0x000000008ad1b828}: 'int java.lang.invoke.DirectMethodHandle$Holder.invokeSpecialIFC(java.lang.Object, java.lang.Object, java.lang.Object, java.lang.Object, java.lang.Object)'> (0x000000008ad1b828) 
thrown [s\open\src\hotspot\share\interpreter\linkResolver.cpp, line 773]
Event: 1.025 Thread 0x00000257b49a4780 Exception <a 'java/lang/NoSuchMethodError'{0x000000008aca0de8}: 'java.lang.Object java.lang.invoke.DirectMethodHandle$Holder.newInvokeSpecial(java.lang.Object, java.lang.Object, java.lang.Object, java.lang.Object, java.lang.Object)'> (0x000000008aca0de8) 
thrown [s\open\src\hotspot\share\interpreter\linkResolver.cpp, line 773]
Event: 1.049 Thread 0x00000257b49a4780 Exception <a 'java/lang/NoSuchMethodError'{0x000000008ab9f6c0}: 'int java.lang.invoke.DirectMethodHandle$Holder.invokeStaticInit(java.lang.Object, java.lang.Object)'> (0x000000008ab9f6c0) 
thrown [s\open\src\hotspot\share\interpreter\linkResolver.cpp, line 773]
Event: 1.060 Thread 0x00000257b49a4780 Exception <a 'java/lang/NoClassDefFoundError'{0x000000008abd4fa0}: javax/enterprise/inject/Typed> (0x000000008abd4fa0) 
thrown [s\open\src\hotspot\share\classfile\systemDictionary.cpp, line 301]

ZGC Phase Switch (0 events):
No events

VM Operations (8 events):
Event: 0.064 Executing VM operation: HandshakeAllThreads (Deoptimize)
Event: 0.064 Executing VM operation: HandshakeAllThreads (Deoptimize) done
Event: 0.413 Executing VM operation: HandshakeAllThreads (Deoptimize)
Event: 0.413 Executing VM operation: HandshakeAllThreads (Deoptimize) done
Event: 0.547 Executing VM operation: HandshakeAllThreads (Deoptimize)
Event: 0.569 Executing VM operation: HandshakeAllThreads (Deoptimize) done
Event: 0.930 Executing VM operation: G1CollectForAllocation (G1 Evacuation Pause)
Event: 0.934 Executing VM operation: G1CollectForAllocation (G1 Evacuation Pause) done

Events (13 events):
Event: 0.021 Thread 0x00000257b49a4780 Thread added: 0x00000257b49a4780
Event: 0.032 Thread 0x00000257d2cec080 Thread added: 0x00000257d2cec080
Event: 0.032 Thread 0x00000257d2ced690 Thread added: 0x00000257d2ced690
Event: 0.033 Thread 0x00000257d2cf0350 Thread added: 0x00000257d2cf0350
Event: 0.033 Thread 0x00000257d2cf2ea0 Thread added: 0x00000257d2cf2ea0
Event: 0.033 Thread 0x00000257d2cf39e0 Thread added: 0x00000257d2cf39e0
Event: 0.033 Thread 0x00000257d2cf4520 Thread added: 0x00000257d2cf4520
Event: 0.033 Thread 0x00000257d2cf73a0 Thread added: 0x00000257d2cf73a0
Event: 0.033 Thread 0x00000257d2cfb4d0 Thread added: 0x00000257d2cfb4d0
Event: 0.050 Thread 0x00000258180ed6c0 Thread added: 0x00000258180ed6c0
Event: 0.054 Thread 0x000002581810e700 Thread added: 0x000002581810e700
Event: 0.425 Thread 0x00000258182f7c70 Thread added: 0x00000258182f7c70
Event: 0.685 Thread 0x00000258182f7c70 Thread exited: 0x00000258182f7c70


Dynamic libraries:
0x00007ff7977c0000 - 0x00007ff7977d0000 	C:\Program Files\Java\jdk-21\bin\java.exe
0x00007ff8837b0000 - 0x00007ff8839c7000 	C:\WINDOWS\SYSTEM32\ntdll.dll
0x00007ff882b00000 - 0x00007ff882bc4000 	C:\WINDOWS\System32\KERNEL32.DLL
0x00007ff880dc0000 - 0x00007ff881192000 	C:\WINDOWS\System32\KERNELBASE.dll
0x00007ff8809c0000 - 0x00007ff880ad1000 	C:\WINDOWS\System32\ucrtbase.dll
0x00007ff863900000 - 0x00007ff86391b000 	C:\Program Files\Java\jdk-21\bin\VCRUNTIME140.dll
0x00007ff872560000 - 0x00007ff872579000 	C:\Program Files\Java\jdk-21\bin\jli.dll
0x00007ff883490000 - 0x00007ff883541000 	C:\WINDOWS\System32\ADVAPI32.dll
0x00007ff882c00000 - 0x00007ff882ca7000 	C:\WINDOWS\System32\msvcrt.dll
0x00007ff8827d0000 - 0x00007ff882878000 	C:\WINDOWS\System32\sechost.dll
0x00007ff881410000 - 0x00007ff881438000 	C:\WINDOWS\System32\bcrypt.dll
0x00007ff882880000 - 0x00007ff882994000 	C:\WINDOWS\System32\RPCRT4.dll
0x00007ff881980000 - 0x00007ff881b31000 	C:\WINDOWS\System32\USER32.dll
0x00007ff880ae0000 - 0x00007ff880b06000 	C:\WINDOWS\System32\win32u.dll
0x00007ff8833c0000 - 0x00007ff8833e9000 	C:\WINDOWS\System32\GDI32.dll
0x00007ff86c6c0000 - 0x00007ff86c95b000 	C:\WINDOWS\WinSxS\amd64_microsoft.windows.common-controls_6595b64144ccf1df_6.0.22621.5547_none_27104afb73855772\COMCTL32.dll
0x00007ff881220000 - 0x00007ff881343000 	C:\WINDOWS\System32\gdi32full.dll
0x00007ff880920000 - 0x00007ff8809ba000 	C:\WINDOWS\System32\msvcp_win.dll
0x00007ff874ec0000 - 0x00007ff874eca000 	C:\WINDOWS\SYSTEM32\VERSION.dll
0x00007ff882790000 - 0x00007ff8827c1000 	C:\WINDOWS\System32\IMM32.DLL
0x00007ff879460000 - 0x00007ff87946c000 	C:\Program Files\Java\jdk-21\bin\vcruntime140_1.dll
0x00007ff826fe0000 - 0x00007ff82706e000 	C:\Program Files\Java\jdk-21\bin\msvcp140.dll
0x00007ff81cc70000 - 0x00007ff81d988000 	C:\Program Files\Java\jdk-21\bin\server\jvm.dll
0x00007ff883600000 - 0x00007ff883671000 	C:\WINDOWS\System32\WS2_32.dll
0x00007ff880110000 - 0x00007ff88015d000 	C:\WINDOWS\SYSTEM32\POWRPROF.dll
0x00007ff878dc0000 - 0x00007ff878df4000 	C:\WINDOWS\SYSTEM32\WINMM.dll
0x00007ff8800f0000 - 0x00007ff880103000 	C:\WINDOWS\SYSTEM32\UMPDC.dll
0x00007ff87f8a0000 - 0x00007ff87f8b8000 	C:\WINDOWS\SYSTEM32\kernel.appcore.dll
0x00007ff8689e0000 - 0x00007ff8689ea000 	C:\Program Files\Java\jdk-21\bin\jimage.dll
0x00007ff87db50000 - 0x00007ff87dd83000 	C:\WINDOWS\SYSTEM32\DBGHELP.DLL
0x00007ff8823f0000 - 0x00007ff882783000 	C:\WINDOWS\System32\combase.dll
0x00007ff881670000 - 0x00007ff881747000 	C:\WINDOWS\System32\OLEAUT32.dll
0x00007ff8663f0000 - 0x00007ff866422000 	C:\WINDOWS\SYSTEM32\dbgcore.DLL
0x00007ff8811a0000 - 0x00007ff88121b000 	C:\WINDOWS\System32\bcryptPrimitives.dll
0x00007ff855ca0000 - 0x00007ff855cbf000 	C:\Program Files\Java\jdk-21\bin\java.dll
0x00007ff881b40000 - 0x00007ff8823e2000 	C:\WINDOWS\System32\SHELL32.dll
0x00007ff880b10000 - 0x00007ff880c4f000 	C:\WINDOWS\System32\wintypes.dll
0x00007ff87e780000 - 0x00007ff87f09d000 	C:\WINDOWS\SYSTEM32\windows.storage.dll
0x00007ff883130000 - 0x00007ff88323c000 	C:\WINDOWS\System32\SHCORE.dll
0x00007ff883350000 - 0x00007ff8833b9000 	C:\WINDOWS\System32\shlwapi.dll
0x00007ff8807d0000 - 0x00007ff8807fb000 	C:\WINDOWS\SYSTEM32\profapi.dll
0x00007ff833070000 - 0x00007ff833147000 	C:\Program Files\Java\jdk-21\bin\jsvml.dll
0x00007ff865fd0000 - 0x00007ff865fe0000 	C:\Program Files\Java\jdk-21\bin\net.dll
0x00007ff87cfe0000 - 0x00007ff87d10c000 	C:\WINDOWS\SYSTEM32\WINHTTP.dll
0x00007ff87fd90000 - 0x00007ff87fdf9000 	C:\WINDOWS\system32\mswsock.dll
0x00007ff83d400000 - 0x00007ff83d416000 	C:\Program Files\Java\jdk-21\bin\nio.dll
0x00007ff83c270000 - 0x00007ff83c288000 	C:\Program Files\Java\jdk-21\bin\zip.dll
0x00007ff872480000 - 0x00007ff8724a4000 	C:\Program Files\NetBeans-24\netbeans\java\maven\lib\jansi-native\Windows\x86_64\jansi.dll
0x00007ff865550000 - 0x00007ff865560000 	C:\Program Files\Java\jdk-21\bin\verify.dll

dbghelp: loaded successfully - version: 4.0.5 - missing functions: none
symbol engine: initialized successfully - sym options: 0x614 - pdb path: .;C:\Program Files\Java\jdk-21\bin;C:\WINDOWS\SYSTEM32;C:\WINDOWS\WinSxS\amd64_microsoft.windows.common-controls_6595b64144ccf1df_6.0.22621.5547_none_27104afb73855772;C:\Program Files\Java\jdk-21\bin\server;C:\Program Files\NetBeans-24\netbeans\java\maven\lib\jansi-native\Windows\x86_64

VM Arguments:
jvm_args: -Dclassworlds.conf=C:\Program Files\NetBeans-24\netbeans\java\maven\bin\m2.conf -Dmaven.home=C:\Program Files\NetBeans-24\netbeans\java\maven -Dlibrary.jansi.path=C:\Program Files\NetBeans-24\netbeans\java\maven\lib\jansi-native -Dmaven.multiModuleProjectDirectory=C:\Users\Lenovo\OneDrive\Documentos\ING.SISTEMAS\BLOQUE 3\PROGRAMACION CLIENTE SERVIDOR\SEMANA #9\ProyectoPrimerAvance 
java_command: org.codehaus.plexus.classworlds.launcher.Launcher -Dexec.vmArgs= -Dexec.args=${exec.vmArgs} -classpath %classpath ${exec.mainClass} ${exec.appArgs} -Dexec.appArgs= -Dexec.mainClass=com.mycompany.proyectomodificado.Login -Dexec.executable=C:\Program Files\Java\jdk-21\bin\java.exe -Dmaven.ext.class.path=C:\Program Files\NetBeans-24\netbeans\java\maven-nblib\netbeans-eventspy.jar --no-transfer-progress process-classes org.codehaus.mojo:exec-maven-plugin:3.1.0:exec
java_class_path (initial): C:\Program Files\NetBeans-24\netbeans\java\maven\boot\plexus-classworlds-2.8.0.jar
Launcher Type: SUN_STANDARD

[Global flags]
     intx CICompilerCount                          = 3                                         {product} {ergonomic}
     uint ConcGCThreads                            = 1                                         {product} {ergonomic}
     uint G1ConcRefinementThreads                  = 4                                         {product} {ergonomic}
   size_t G1HeapRegionSize                         = 1048576                                   {product} {ergonomic}
    uintx GCDrainStackTargetSize                   = 64                                        {product} {ergonomic}
   size_t InitialHeapSize                          = 132120576                                 {product} {ergonomic}
   size_t MarkStackSize                            = 4194304                                   {product} {ergonomic}
   size_t MaxHeapSize                              = 2095054848                                {product} {ergonomic}
   size_t MaxNewSize                               = 1256194048                                {product} {ergonomic}
   size_t MinHeapDeltaBytes                        = 1048576                                   {product} {ergonomic}
   size_t MinHeapSize                              = 8388608                                   {product} {ergonomic}
    uintx NonNMethodCodeHeapSize                   = 5832780                                {pd product} {ergonomic}
    uintx NonProfiledCodeHeapSize                  = 122912730                              {pd product} {ergonomic}
    uintx ProfiledCodeHeapSize                     = 122912730                              {pd product} {ergonomic}
    uintx ReservedCodeCacheSize                    = 251658240                              {pd product} {ergonomic}
     bool SegmentedCodeCache                       = true                                      {product} {ergonomic}
   size_t SoftMaxHeapSize                          = 2095054848                             {manageable} {ergonomic}
     bool UseCompressedOops                        = true                           {product lp64_product} {ergonomic}
     bool UseG1GC                                  = true                                      {product} {ergonomic}
     bool UseLargePagesIndividualAllocation        = false                                  {pd product} {ergonomic}

Logging:
Log output configuration:
 #0: stdout all=warning uptime,level,tags foldmultilines=false
 #1: stderr all=off uptime,level,tags foldmultilines=false

Environment Variables:
JAVA_HOME=C:\Program Files\Java\jdk-21
PATH=C:\Program Files\Common Files\Oracle\Java\javapath;C:\Program Files (x86)\VMware\VMware Workstation\bin\;C:\Program Files (x86)\Common Files\Oracle\Java\javapath;C:\WINDOWS\system32;C:\WINDOWS;C:\WINDOWS\System32\Wbem;C:\WINDOWS\System32\WindowsPowerShell\v1.0\;C:\WINDOWS\System32\OpenSSH\;C:\Program Files\Java\jdk-21\bin;C:\Program Files\PuTTY\;C:\Program Files\dotnet\;C:\Program Files\Docker\Docker\resources\bin;C:\Program Files\Git\cmd;C:\Users\Lenovo\AppData\Local\Programs\Python\Python311\Scripts\;C:\Users\Lenovo\AppData\Local\Programs\Python\Python311\;C:\Users\Lenovo\AppData\Local\Microsoft\WindowsApps;C:\Program Files (x86)\Nmap;C:\Users\Lenovo\AppData\Local\GitHubDesktop\bin;C:\Program Files\JetBrains\PyCharm 2025.1.2\bin;
USERNAME=Lenovo
OS=Windows_NT
PROCESSOR_IDENTIFIER=Intel64 Family 6 Model 140 Stepping 1, GenuineIntel
TMP=C:\Users\Lenovo\AppData\Local\Temp
TEMP=C:\Users\Lenovo\AppData\Local\Temp




Periodic native trim disabled

---------------  S Y S T E M  ---------------

OS:
 Windows 11 , 64 bit Build 22621 (10.0.22621.5415)
OS uptime: 0 days 6:09 hours
Hyper-V role detected

CPU: total 4 (initial active 4) (2 cores per cpu, 2 threads per core) family 6 model 140 stepping 1 microcode 0x9a, cx8, cmov, fxsr, ht, mmx, 3dnowpref, sse, sse2, sse3, ssse3, sse4.1, sse4.2, popcnt, lzcnt, tsc, tscinvbit, avx, avx2, aes, erms, clmul, bmi1, bmi2, adx, avx512f, avx512dq, avx512cd, avx512bw, avx512vl, sha, fma, vzeroupper, avx512_vpopcntdq, avx512_vpclmulqdq, avx512_vaes, avx512_vnni, clflush, clflushopt, clwb, avx512_vbmi2, avx512_vbmi, hv, rdtscp, rdpid, fsrm, gfni, avx512_bitalg, f16c, cet_ibt, cet_ss, avx512_ifma
Processor Information for all 4 processors :
  Max Mhz: 2995, Current Mhz: 2995, Mhz Limit: 2995

Memory: 4k page, system-wide physical 7991M (398M free)
TotalPageFile size 16091M (AvailPageFile size 0M)
current process WorkingSet (physical memory assigned to process): 72M, peak: 72M
current process commit charge ("private bytes"): 215M, peak: 215M

vm_info: Java HotSpot(TM) 64-Bit Server VM (21.0.5+9-LTS-239) for windows-amd64 JRE (21.0.5+9-LTS-239), built on 2024-09-30T05:17:38Z by "mach5one" with MS VC++ 17.6 (VS2022)

END.
